Started GET "/" for 127.0.0.1 at 2024-10-15 18:47:49 -0400
  [1m[35m (0.2ms)[0m  [1m[35mCREATE TABLE "schema_migrations" ("version" varchar NOT NULL PRIMARY KEY)[0m
  [1m[35m (0.1ms)[0m  [1m[35mCREATE TABLE "ar_internal_metadata" ("key" varchar NOT NULL PRIMARY KEY, "value" varchar, "created_at" datetime(6) NOT NULL, "updated_at" datetime(6) NOT NULL)[0m
  [1m[36mActiveRecord::SchemaMigration Load (0.0ms)[0m  [1m[34mSELECT "schema_migrations"."version" FROM "schema_migrations" ORDER BY "schema_migrations"."version" ASC[0m
Processing by Rails::WelcomeController#index as HTML
  Rendering /Users/markfasel/.rbenv/versions/3.3.5/lib/ruby/gems/3.3.0/gems/railties-7.2.1.1/lib/rails/templates/rails/welcome/index.html.erb
  Rendered /Users/markfasel/.rbenv/versions/3.3.5/lib/ruby/gems/3.3.0/gems/railties-7.2.1.1/lib/rails/templates/rails/welcome/index.html.erb (Duration: 0.4ms | GC: 0.2ms)
Completed 200 OK in 12ms (Views: 4.5ms | ActiveRecord: 0.0ms (0 queries, 0 cached) | GC: 1.9ms)


Started GET "/" for ::1 at 2024-10-15 18:57:05 -0400
  
ActionController::RoutingError (uninitialized constant ArticlesController):

Causes:
ActionDispatch::MissingController (uninitialized constant ArticlesController)
NameError (uninitialized constant ArticlesController)
  
Started GET "/" for ::1 at 2024-10-15 18:57:05 -0400
  
ActionController::RoutingError (uninitialized constant ArticlesController):

Causes:
ActionDispatch::MissingController (uninitialized constant ArticlesController)
NameError (uninitialized constant ArticlesController)
  
Started GET "/favicon.ico" for ::1 at 2024-10-15 18:57:06 -0400
  
ActionController::RoutingError (No route matches [GET] "/favicon.ico"):
  
Started GET "/" for ::1 at 2024-10-15 18:57:17 -0400
Processing by HomeController#index as HTML
  Rendering layout layouts/application.html.erb
  Rendering home/index.html.erb within layouts/application
  Rendered home/index.html.erb within layouts/application (Duration: 0.2ms | GC: 0.0ms)
  Rendered layout layouts/application.html.erb (Duration: 14.7ms | GC: 0.0ms)
Completed 500 Internal Server Error in 41ms (ActiveRecord: 0.0ms (0 queries, 0 cached) | GC: 0.0ms)


  
LoadError (cannot load such file -- sassc):
  
app/views/layouts/application.html.erb:16
Started GET "/" for ::1 at 2024-10-15 19:00:19 -0400
Processing by HomeController#index as HTML
  Rendering layout layouts/application.html.erb
  Rendering home/index.html.erb within layouts/application
  Rendered home/index.html.erb within layouts/application (Duration: 0.2ms | GC: 0.0ms)
  Rendered layout layouts/application.html.erb (Duration: 16.6ms | GC: 2.2ms)
Completed 500 Internal Server Error in 20ms (ActiveRecord: 0.0ms (0 queries, 0 cached) | GC: 2.2ms)


  
LoadError (cannot load such file -- sassc):
  
app/views/layouts/application.html.erb:16
Started GET "/" for ::1 at 2024-10-15 19:00:20 -0400
Processing by HomeController#index as HTML
  Rendering layout layouts/application.html.erb
  Rendering home/index.html.erb within layouts/application
  Rendered home/index.html.erb within layouts/application (Duration: 0.1ms | GC: 0.0ms)
  Rendered layout layouts/application.html.erb (Duration: 2.7ms | GC: 0.0ms)
Completed 500 Internal Server Error in 4ms (ActiveRecord: 0.0ms (0 queries, 0 cached) | GC: 0.0ms)


  
LoadError (cannot load such file -- sassc):
  
app/views/layouts/application.html.erb:16
Started GET "/" for ::1 at 2024-10-15 19:00:20 -0400
Processing by HomeController#index as HTML
  Rendering layout layouts/application.html.erb
  Rendering home/index.html.erb within layouts/application
  Rendered home/index.html.erb within layouts/application (Duration: 0.0ms | GC: 0.0ms)
  Rendered layout layouts/application.html.erb (Duration: 1.6ms | GC: 0.0ms)
Completed 500 Internal Server Error in 2ms (ActiveRecord: 0.0ms (0 queries, 0 cached) | GC: 0.1ms)


  
LoadError (cannot load such file -- sassc):
  
app/views/layouts/application.html.erb:16
Started GET "/" for ::1 at 2024-10-15 19:00:20 -0400
Processing by HomeController#index as HTML
  Rendering layout layouts/application.html.erb
  Rendering home/index.html.erb within layouts/application
  Rendered home/index.html.erb within layouts/application (Duration: 0.2ms | GC: 0.0ms)
  Rendered layout layouts/application.html.erb (Duration: 2.7ms | GC: 0.0ms)
Completed 500 Internal Server Error in 4ms (ActiveRecord: 0.0ms (0 queries, 0 cached) | GC: 0.1ms)


  
LoadError (cannot load such file -- sassc):
  
app/views/layouts/application.html.erb:16
Started GET "/" for ::1 at 2024-10-15 19:01:12 -0400
  [1m[36mActiveRecord::SchemaMigration Load (0.0ms)[0m  [1m[34mSELECT "schema_migrations"."version" FROM "schema_migrations" ORDER BY "schema_migrations"."version" ASC[0m
Processing by HomeController#index as HTML
  Rendering layout layouts/application.html.erb
  Rendering home/index.html.erb within layouts/application
  Rendered home/index.html.erb within layouts/application (Duration: 1.3ms | GC: 1.1ms)
  Rendered layout layouts/application.html.erb (Duration: 2615.3ms | GC: 55.1ms)
Completed 200 OK in 2630ms (Views: 2620.1ms | ActiveRecord: 0.0ms (0 queries, 0 cached) | GC: 60.1ms)


Started GET "/manifest.json" for ::1 at 2024-10-15 19:01:15 -0400
Processing by Rails::PwaController#manifest as JSON
  Rendering pwa/manifest.json.erb
  Rendered pwa/manifest.json.erb (Duration: 0.5ms | GC: 0.0ms)
Completed 200 OK in 3ms (Views: 2.2ms | ActiveRecord: 0.0ms (0 queries, 0 cached) | GC: 0.0ms)


Started GET "/" for ::1 at 2024-10-15 19:01:21 -0400
Processing by HomeController#index as HTML
  Rendering layout layouts/application.html.erb
  Rendering home/index.html.erb within layouts/application
  Rendered home/index.html.erb within layouts/application (Duration: 0.1ms | GC: 0.0ms)
  Rendered layout layouts/application.html.erb (Duration: 16.2ms | GC: 0.3ms)
Completed 200 OK in 17ms (Views: 16.6ms | ActiveRecord: 0.0ms (0 queries, 0 cached) | GC: 0.3ms)


Started GET "/" for ::1 at 2024-10-15 19:03:25 -0400
Processing by HomeController#index as HTML
  Rendering layout layouts/application.html.erb
  Rendering home/index.html.erb within layouts/application
  Rendered home/index.html.erb within layouts/application (Duration: 0.1ms | GC: 0.0ms)
  Rendered layout layouts/application.html.erb (Duration: 1991.5ms | GC: 6.4ms)
Completed 200 OK in 1994ms (Views: 1992.5ms | ActiveRecord: 0.0ms (0 queries, 0 cached) | GC: 6.4ms)


Started GET "/manifest.json" for ::1 at 2024-10-15 19:03:27 -0400
Processing by Rails::PwaController#manifest as JSON
  Rendering pwa/manifest.json.erb
  Rendered pwa/manifest.json.erb (Duration: 0.1ms | GC: 0.0ms)
Completed 200 OK in 1ms (Views: 0.5ms | ActiveRecord: 0.0ms (0 queries, 0 cached) | GC: 0.0ms)


Started GET "/" for ::1 at 2024-10-15 19:03:28 -0400
Processing by HomeController#index as HTML
  Rendering layout layouts/application.html.erb
  Rendering home/index.html.erb within layouts/application
  Rendered home/index.html.erb within layouts/application (Duration: 0.1ms | GC: 0.0ms)
  Rendered layout layouts/application.html.erb (Duration: 7.1ms | GC: 0.0ms)
Completed 200 OK in 8ms (Views: 7.5ms | ActiveRecord: 0.0ms (0 queries, 0 cached) | GC: 0.0ms)


Started GET "/manifest.json" for ::1 at 2024-10-15 19:03:28 -0400
Processing by Rails::PwaController#manifest as JSON
  Rendering pwa/manifest.json.erb
  Rendered pwa/manifest.json.erb (Duration: 0.1ms | GC: 0.0ms)
Completed 200 OK in 1ms (Views: 0.4ms | ActiveRecord: 0.0ms (0 queries, 0 cached) | GC: 0.0ms)


Started GET "/" for ::1 at 2024-10-15 19:03:54 -0400
Processing by HomeController#index as HTML
  Rendering layout layouts/application.html.erb
  Rendering home/index.html.erb within layouts/application
  Rendered home/index.html.erb within layouts/application (Duration: 0.2ms | GC: 0.0ms)
  Rendered layout layouts/application.html.erb (Duration: 12.5ms | GC: 1.2ms)
Completed 200 OK in 14ms (Views: 13.3ms | ActiveRecord: 0.0ms (0 queries, 0 cached) | GC: 1.4ms)


Started GET "/manifest.json" for ::1 at 2024-10-15 19:03:54 -0400
Processing by Rails::PwaController#manifest as JSON
  Rendering pwa/manifest.json.erb
  Rendered pwa/manifest.json.erb (Duration: 0.3ms | GC: 0.0ms)
Completed 200 OK in 2ms (Views: 1.7ms | ActiveRecord: 0.0ms (0 queries, 0 cached) | GC: 0.0ms)


Started GET "/manifest.json" for ::1 at 2024-10-15 19:03:57 -0400
Processing by Rails::PwaController#manifest as JSON
  Rendering pwa/manifest.json.erb
  Rendered pwa/manifest.json.erb (Duration: 0.1ms | GC: 0.0ms)
Completed 200 OK in 1ms (Views: 0.4ms | ActiveRecord: 0.0ms (0 queries, 0 cached) | GC: 0.0ms)


Started GET "/" for ::1 at 2024-10-15 19:09:35 -0400
Processing by HomeController#index as HTML
  Rendering layout layouts/application.html.erb
  Rendering home/index.html.erb within layouts/application
  Rendered home/index.html.erb within layouts/application (Duration: 2.0ms | GC: 0.7ms)
  Rendered layout layouts/application.html.erb (Duration: 2.1ms | GC: 0.7ms)
Completed 500 Internal Server Error in 4ms (ActiveRecord: 0.0ms (0 queries, 0 cached) | GC: 0.7ms)


  
ActionView::Template::Error (uninitialized constant #<Class:0x000000011e383c08>::ExampleComponent):

Causes:
NameError (uninitialized constant #<Class:0x000000011e383c08>::ExampleComponent)
    34:     </div>
    35:   </nav>
    36:   <div>
    37:   <%= render(ExampleComponent.new(title: "my title")) do %>
    38:     Hello, World!
    39:   <% end %>
    40:   </div>
  
app/views/home/index.html.erb:37
Started GET "/" for ::1 at 2024-10-15 19:12:32 -0400
Processing by HomeController#index as HTML
  Rendering layout layouts/application.html.erb
  Rendering home/index.html.erb within layouts/application
  Rendered home/index.html.erb within layouts/application (Duration: 1.8ms | GC: 1.5ms)
  Rendered layout layouts/application.html.erb (Duration: 1.9ms | GC: 1.5ms)
Completed 500 Internal Server Error in 5ms (ActiveRecord: 0.0ms (0 queries, 0 cached) | GC: 2.9ms)


  
ActionView::Template::Error (uninitialized constant #<Class:0x000000011e810fa0>::NavBarComponent):

Causes:
NameError (uninitialized constant #<Class:0x000000011e810fa0>::NavBarComponent)
    1: <div class="container-flouid">
    2: <%= render NavBarComponent.new() %>
    3: </div>
  
app/views/home/index.html.erb:2
Started GET "/" for ::1 at 2024-10-15 19:12:32 -0400
Processing by HomeController#index as HTML
  Rendering layout layouts/application.html.erb
  Rendering home/index.html.erb within layouts/application
  Rendered home/index.html.erb within layouts/application (Duration: 0.5ms | GC: 0.0ms)
  Rendered layout layouts/application.html.erb (Duration: 0.8ms | GC: 0.0ms)
Completed 500 Internal Server Error in 4ms (ActiveRecord: 0.0ms (0 queries, 0 cached) | GC: 2.3ms)


  
ActionView::Template::Error (uninitialized constant #<Class:0x000000011e810fa0>::NavBarComponent):

Causes:
NameError (uninitialized constant #<Class:0x000000011e810fa0>::NavBarComponent)
    1: <div class="container-flouid">
    2: <%= render NavBarComponent.new() %>
    3: </div>
  
app/views/home/index.html.erb:2
Started GET "/" for ::1 at 2024-10-15 19:12:34 -0400
Processing by HomeController#index as HTML
  Rendering layout layouts/application.html.erb
  Rendering home/index.html.erb within layouts/application
  Rendered home/index.html.erb within layouts/application (Duration: 0.5ms | GC: 0.0ms)
  Rendered layout layouts/application.html.erb (Duration: 0.7ms | GC: 0.0ms)
Completed 500 Internal Server Error in 2ms (ActiveRecord: 0.0ms (0 queries, 0 cached) | GC: 0.0ms)


  
ActionView::Template::Error (uninitialized constant #<Class:0x000000011e810fa0>::NavBarComponent):

Causes:
NameError (uninitialized constant #<Class:0x000000011e810fa0>::NavBarComponent)
    1: <div class="container-flouid">
    2: <%= render NavBarComponent.new() %>
    3: </div>
  
app/views/home/index.html.erb:2
Started GET "/" for ::1 at 2024-10-15 19:13:44 -0400
Processing by HomeController#index as HTML
  Rendering layout layouts/application.html.erb
  Rendering home/index.html.erb within layouts/application
  Rendered home/index.html.erb within layouts/application (Duration: 0.2ms | GC: 0.0ms)
  Rendered layout layouts/application.html.erb (Duration: 1955.4ms | GC: 2.8ms)
Completed 200 OK in 1957ms (Views: 1956.5ms | ActiveRecord: 0.0ms (0 queries, 0 cached) | GC: 2.8ms)


Started GET "/manifest.json" for ::1 at 2024-10-15 19:13:46 -0400
Processing by Rails::PwaController#manifest as JSON
  Rendering pwa/manifest.json.erb
  Rendered pwa/manifest.json.erb (Duration: 0.3ms | GC: 0.0ms)
Completed 200 OK in 2ms (Views: 1.6ms | ActiveRecord: 0.0ms (0 queries, 0 cached) | GC: 0.0ms)


Started GET "/" for ::1 at 2024-10-15 19:13:46 -0400
Processing by HomeController#index as HTML
  Rendering layout layouts/application.html.erb
  Rendering home/index.html.erb within layouts/application
  Rendered home/index.html.erb within layouts/application (Duration: 0.1ms | GC: 0.0ms)
  Rendered layout layouts/application.html.erb (Duration: 8.6ms | GC: 0.0ms)
Completed 200 OK in 10ms (Views: 9.1ms | ActiveRecord: 0.0ms (0 queries, 0 cached) | GC: 0.0ms)


Started GET "/manifest.json" for ::1 at 2024-10-15 19:13:47 -0400
Processing by Rails::PwaController#manifest as JSON
  Rendering pwa/manifest.json.erb
  Rendered pwa/manifest.json.erb (Duration: 0.1ms | GC: 0.0ms)
Completed 200 OK in 1ms (Views: 0.5ms | ActiveRecord: 0.0ms (0 queries, 0 cached) | GC: 0.0ms)


Started GET "/" for ::1 at 2024-10-15 19:14:28 -0400
Processing by HomeController#index as HTML
  Rendering layout layouts/application.html.erb
  Rendering home/index.html.erb within layouts/application
  Rendered home/index.html.erb within layouts/application (Duration: 0.3ms | GC: 0.0ms)
  Rendered layout layouts/application.html.erb (Duration: 17.7ms | GC: 2.6ms)
Completed 500 Internal Server Error in 20ms (ActiveRecord: 0.0ms (0 queries, 0 cached) | GC: 2.6ms)


  
ActionView::Template::Error (uninitialized constant #<Class:0x0000000128e3cdc0>::NavBarComponent):

Causes:
NameError (uninitialized constant #<Class:0x0000000128e3cdc0>::NavBarComponent)
    18:   </head>
    19: 
    20:   <body>
    21:   <%= render NavBarComponent.new() %>
    22:     <%= yield %>
    23:   </body>
    24: </html>
  
app/views/layouts/application.html.erb:21
Started GET "/favicon.ico" for ::1 at 2024-10-15 19:14:29 -0400
  
ActionController::RoutingError (No route matches [GET] "/favicon.ico"):
  
Started GET "/" for ::1 at 2024-10-15 19:14:29 -0400
Processing by HomeController#index as HTML
  Rendering layout layouts/application.html.erb
  Rendering home/index.html.erb within layouts/application
  Rendered home/index.html.erb within layouts/application (Duration: 0.1ms | GC: 0.0ms)
  Rendered layout layouts/application.html.erb (Duration: 9.6ms | GC: 0.4ms)
Completed 500 Internal Server Error in 11ms (ActiveRecord: 0.0ms (0 queries, 0 cached) | GC: 0.4ms)


  
ActionView::Template::Error (uninitialized constant #<Class:0x0000000128e3cdc0>::NavBarComponent):

Causes:
NameError (uninitialized constant #<Class:0x0000000128e3cdc0>::NavBarComponent)
    18:   </head>
    19: 
    20:   <body>
    21:   <%= render NavBarComponent.new() %>
    22:     <%= yield %>
    23:   </body>
    24: </html>
  
app/views/layouts/application.html.erb:21
Started GET "/" for ::1 at 2024-10-15 19:14:30 -0400
Processing by HomeController#index as HTML
  Rendering layout layouts/application.html.erb
  Rendering home/index.html.erb within layouts/application
  Rendered home/index.html.erb within layouts/application (Duration: 0.1ms | GC: 0.0ms)
  Rendered layout layouts/application.html.erb (Duration: 21.9ms | GC: 0.0ms)
Completed 500 Internal Server Error in 23ms (ActiveRecord: 0.0ms (0 queries, 0 cached) | GC: 0.0ms)


  
ActionView::Template::Error (uninitialized constant #<Class:0x0000000128e3cdc0>::NavBarComponent):

Causes:
NameError (uninitialized constant #<Class:0x0000000128e3cdc0>::NavBarComponent)
    18:   </head>
    19: 
    20:   <body>
    21:   <%= render NavBarComponent.new() %>
    22:     <%= yield %>
    23:   </body>
    24: </html>
  
app/views/layouts/application.html.erb:21
Started GET "/" for ::1 at 2024-10-15 19:14:44 -0400
Processing by HomeController#index as HTML
  Rendering layout layouts/application.html.erb
  Rendering home/index.html.erb within layouts/application
  Rendered home/index.html.erb within layouts/application (Duration: 0.1ms | GC: 0.0ms)
  Rendered layout layouts/application.html.erb (Duration: 9.8ms | GC: 0.1ms)
Completed 500 Internal Server Error in 12ms (ActiveRecord: 0.0ms (0 queries, 0 cached) | GC: 0.1ms)


  
ActionView::Template::Error (uninitialized constant #<Class:0x0000000128e3cdc0>::NavBarComponent):

Causes:
NameError (uninitialized constant #<Class:0x0000000128e3cdc0>::NavBarComponent)
    18:   </head>
    19: 
    20:   <body>
    21:   <%= render NavBarComponent.new() %>
    22:     <%= yield %>
    23:   </body>
    24: </html>
  
app/views/layouts/application.html.erb:21
Started GET "/" for ::1 at 2024-10-15 19:16:36 -0400
Processing by HomeController#index as HTML
  Rendering layout layouts/application.html.erb
  Rendering home/index.html.erb within layouts/application
  Rendered home/index.html.erb within layouts/application (Duration: 0.5ms | GC: 0.0ms)
  Rendered layout layouts/application.html.erb (Duration: 0.6ms | GC: 0.0ms)
Completed 500 Internal Server Error in 2ms (ActiveRecord: 0.0ms (0 queries, 0 cached) | GC: 0.0ms)


  
ActionView::Template::Error (uninitialized constant #<Class:0x000000011e990470>::NavBarComponent):

Causes:
NameError (uninitialized constant #<Class:0x000000011e990470>::NavBarComponent)
    1: <div class="container-flouid">
    2:     <%= render NavBarComponent.new() %>
    3: </div>
  
app/views/home/index.html.erb:2
Started GET "/" for ::1 at 2024-10-15 19:16:37 -0400
Processing by HomeController#index as HTML
  Rendering layout layouts/application.html.erb
  Rendering home/index.html.erb within layouts/application
  Rendered home/index.html.erb within layouts/application (Duration: 0.5ms | GC: 0.0ms)
  Rendered layout layouts/application.html.erb (Duration: 0.8ms | GC: 0.0ms)
Completed 500 Internal Server Error in 2ms (ActiveRecord: 0.0ms (0 queries, 0 cached) | GC: 0.0ms)


  
ActionView::Template::Error (uninitialized constant #<Class:0x000000011e990470>::NavBarComponent):

Causes:
NameError (uninitialized constant #<Class:0x000000011e990470>::NavBarComponent)
    1: <div class="container-flouid">
    2:     <%= render NavBarComponent.new() %>
    3: </div>
  
app/views/home/index.html.erb:2
Started GET "/" for ::1 at 2024-10-15 19:16:38 -0400
Processing by HomeController#index as HTML
  Rendering layout layouts/application.html.erb
  Rendering home/index.html.erb within layouts/application
  Rendered home/index.html.erb within layouts/application (Duration: 0.6ms | GC: 0.0ms)
  Rendered layout layouts/application.html.erb (Duration: 1.0ms | GC: 0.0ms)
Completed 500 Internal Server Error in 3ms (ActiveRecord: 0.0ms (0 queries, 0 cached) | GC: 0.0ms)


  
ActionView::Template::Error (uninitialized constant #<Class:0x000000011e990470>::NavBarComponent):

Causes:
NameError (uninitialized constant #<Class:0x000000011e990470>::NavBarComponent)
    1: <div class="container-flouid">
    2:     <%= render NavBarComponent.new() %>
    3: </div>
  
app/views/home/index.html.erb:2
Started GET "/" for ::1 at 2024-10-15 19:16:38 -0400
Processing by HomeController#index as HTML
  Rendering layout layouts/application.html.erb
  Rendering home/index.html.erb within layouts/application
  Rendered home/index.html.erb within layouts/application (Duration: 4.8ms | GC: 3.9ms)
  Rendered layout layouts/application.html.erb (Duration: 5.7ms | GC: 3.9ms)
Completed 500 Internal Server Error in 7ms (ActiveRecord: 0.0ms (0 queries, 0 cached) | GC: 3.9ms)


  
ActionView::Template::Error (uninitialized constant #<Class:0x000000011e990470>::NavBarComponent):

Causes:
NameError (uninitialized constant #<Class:0x000000011e990470>::NavBarComponent)
    1: <div class="container-flouid">
    2:     <%= render NavBarComponent.new() %>
    3: </div>
  
app/views/home/index.html.erb:2
Started GET "/" for ::1 at 2024-10-15 19:16:39 -0400
Processing by HomeController#index as HTML
  Rendering layout layouts/application.html.erb
  Rendering home/index.html.erb within layouts/application
  Rendered home/index.html.erb within layouts/application (Duration: 0.2ms | GC: 0.0ms)
  Rendered layout layouts/application.html.erb (Duration: 0.3ms | GC: 0.0ms)
Completed 500 Internal Server Error in 1ms (ActiveRecord: 0.0ms (0 queries, 0 cached) | GC: 0.0ms)


  
ActionView::Template::Error (uninitialized constant #<Class:0x000000011e990470>::NavBarComponent):

Causes:
NameError (uninitialized constant #<Class:0x000000011e990470>::NavBarComponent)
    1: <div class="container-flouid">
    2:     <%= render NavBarComponent.new() %>
    3: </div>
  
app/views/home/index.html.erb:2
Started GET "/" for ::1 at 2024-10-15 19:16:39 -0400
Processing by HomeController#index as HTML
  Rendering layout layouts/application.html.erb
  Rendering home/index.html.erb within layouts/application
  Rendered home/index.html.erb within layouts/application (Duration: 0.2ms | GC: 0.0ms)
  Rendered layout layouts/application.html.erb (Duration: 0.2ms | GC: 0.0ms)
Completed 500 Internal Server Error in 1ms (ActiveRecord: 0.0ms (0 queries, 0 cached) | GC: 0.0ms)


  
ActionView::Template::Error (uninitialized constant #<Class:0x000000011e990470>::NavBarComponent):

Causes:
NameError (uninitialized constant #<Class:0x000000011e990470>::NavBarComponent)
    1: <div class="container-flouid">
    2:     <%= render NavBarComponent.new() %>
    3: </div>
  
app/views/home/index.html.erb:2
Started POST "/__web_console/repl_sessions/ec9bf9335e86fae93b3763e58e245bc6/trace" for ::1 at 2024-10-15 19:16:52 -0400
Started POST "/__web_console/repl_sessions/ec9bf9335e86fae93b3763e58e245bc6/trace" for ::1 at 2024-10-15 19:16:55 -0400
Started GET "/" for ::1 at 2024-10-15 19:17:15 -0400
Processing by HomeController#index as HTML
  Rendering layout layouts/application.html.erb
  Rendering home/index.html.erb within layouts/application
  Rendered home/index.html.erb within layouts/application (Duration: 0.5ms | GC: 0.0ms)
  Rendered layout layouts/application.html.erb (Duration: 0.8ms | GC: 0.0ms)
Completed 500 Internal Server Error in 3ms (ActiveRecord: 0.0ms (0 queries, 0 cached) | GC: 0.0ms)


  
ActionView::Template::Error (uninitialized constant #<Class:0x000000011e990470>::NavBarComponent):

Causes:
NameError (uninitialized constant #<Class:0x000000011e990470>::NavBarComponent)
    1: <div class="container-flouid">
    2:     <%= render NavBarComponent.new() %>
    3: </div>
  
app/views/home/index.html.erb:2
Started GET "/" for ::1 at 2024-10-15 19:18:17 -0400
Processing by HomeController#index as HTML
  Rendering layout layouts/application.html.erb
  Rendering home/index.html.erb within layouts/application
  Rendered home/index.html.erb within layouts/application (Duration: 0.5ms | GC: 0.0ms)
  Rendered layout layouts/application.html.erb (Duration: 0.6ms | GC: 0.0ms)
Completed 500 Internal Server Error in 3ms (ActiveRecord: 0.0ms (0 queries, 0 cached) | GC: 0.0ms)


  
ActionView::Template::Error (uninitialized constant #<Class:0x0000000128215830>::NavigationComponent):

Causes:
NameError (uninitialized constant #<Class:0x0000000128215830>::NavigationComponent)
    1: <div class="container-flouid">
    2:     <%= render NavigationComponent.new(nav: @nav) %>
    3: </div>
  
app/views/home/index.html.erb:2
Started GET "/" for ::1 at 2024-10-15 19:18:21 -0400
Processing by HomeController#index as HTML
  Rendering layout layouts/application.html.erb
  Rendering home/index.html.erb within layouts/application
  Rendered home/index.html.erb within layouts/application (Duration: 0.6ms | GC: 0.0ms)
  Rendered layout layouts/application.html.erb (Duration: 0.9ms | GC: 0.0ms)
Completed 500 Internal Server Error in 2ms (ActiveRecord: 0.0ms (0 queries, 0 cached) | GC: 0.0ms)


  
ActionView::Template::Error (uninitialized constant #<Class:0x0000000128215830>::NavigationComponent):

Causes:
NameError (uninitialized constant #<Class:0x0000000128215830>::NavigationComponent)
    1: <div class="container-flouid">
    2:     <%= render NavigationComponent.new(nav: @nav) %>
    3: </div>
  
app/views/home/index.html.erb:2
Started GET "/" for ::1 at 2024-10-15 19:20:27 -0400
Processing by HomeController#index as HTML
  Rendering layout layouts/application.html.erb
  Rendering home/index.html.erb within layouts/application
  Rendered home/index.html.erb within layouts/application (Duration: 0.5ms | GC: 0.0ms)
  Rendered layout layouts/application.html.erb (Duration: 0.7ms | GC: 0.0ms)
Completed 500 Internal Server Error in 3ms (ActiveRecord: 0.0ms (0 queries, 0 cached) | GC: 0.0ms)


  
ActionView::Template::Error (uninitialized constant #<Class:0x0000000128d52bd0>::NavigationComponent):

Causes:
NameError (uninitialized constant #<Class:0x0000000128d52bd0>::NavigationComponent)
    1: <div class="container-flouid">
    2:     <%= render NavigationComponent.new(nav: @nav) %>
    3:     <%= render(ExampleComponent.new(title: "my title")) do %>
    4:         Hello, World!
    5:     <% end %>
  
app/views/home/index.html.erb:2
Started GET "/" for ::1 at 2024-10-15 19:20:29 -0400
Processing by HomeController#index as HTML
  Rendering layout layouts/application.html.erb
  Rendering home/index.html.erb within layouts/application
  Rendered home/index.html.erb within layouts/application (Duration: 0.5ms | GC: 0.0ms)
  Rendered layout layouts/application.html.erb (Duration: 0.7ms | GC: 0.0ms)
Completed 500 Internal Server Error in 2ms (ActiveRecord: 0.0ms (0 queries, 0 cached) | GC: 0.0ms)


  
ActionView::Template::Error (uninitialized constant #<Class:0x0000000128d52bd0>::NavigationComponent):

Causes:
NameError (uninitialized constant #<Class:0x0000000128d52bd0>::NavigationComponent)
    1: <div class="container-flouid">
    2:     <%= render NavigationComponent.new(nav: @nav) %>
    3:     <%= render(ExampleComponent.new(title: "my title")) do %>
    4:         Hello, World!
    5:     <% end %>
  
app/views/home/index.html.erb:2
Started GET "/" for ::1 at 2024-10-15 19:20:40 -0400
Processing by HomeController#index as HTML
  Rendering layout layouts/application.html.erb
  Rendering home/index.html.erb within layouts/application
  Rendered home/index.html.erb within layouts/application (Duration: 0.4ms | GC: 0.0ms)
  Rendered layout layouts/application.html.erb (Duration: 0.5ms | GC: 0.0ms)
Completed 500 Internal Server Error in 2ms (ActiveRecord: 0.0ms (0 queries, 0 cached) | GC: 0.0ms)


  
ActionView::Template::Error (uninitialized constant #<Class:0x000000012941e928>::ExampleComponent):

Causes:
NameError (uninitialized constant #<Class:0x000000012941e928>::ExampleComponent)
    1: <div class="container-flouid">
    2:     <%= render(ExampleComponent.new(title: "my title")) do %>
    3:         Hello, World!
    4:     <% end %>
    5: </div>
  
app/views/home/index.html.erb:2
Started GET "/" for ::1 at 2024-10-15 19:20:41 -0400
Processing by HomeController#index as HTML
  Rendering layout layouts/application.html.erb
  Rendering home/index.html.erb within layouts/application
  Rendered home/index.html.erb within layouts/application (Duration: 0.7ms | GC: 0.0ms)
  Rendered layout layouts/application.html.erb (Duration: 1.0ms | GC: 0.0ms)
Completed 500 Internal Server Error in 2ms (ActiveRecord: 0.0ms (0 queries, 0 cached) | GC: 0.0ms)


  
ActionView::Template::Error (uninitialized constant #<Class:0x000000012941e928>::ExampleComponent):

Causes:
NameError (uninitialized constant #<Class:0x000000012941e928>::ExampleComponent)
    1: <div class="container-flouid">
    2:     <%= render(ExampleComponent.new(title: "my title")) do %>
    3:         Hello, World!
    4:     <% end %>
    5: </div>
  
app/views/home/index.html.erb:2
Started GET "/" for ::1 at 2024-10-15 19:20:41 -0400
Processing by HomeController#index as HTML
  Rendering layout layouts/application.html.erb
  Rendering home/index.html.erb within layouts/application
  Rendered home/index.html.erb within layouts/application (Duration: 0.2ms | GC: 0.0ms)
  Rendered layout layouts/application.html.erb (Duration: 0.3ms | GC: 0.0ms)
Completed 500 Internal Server Error in 1ms (ActiveRecord: 0.0ms (0 queries, 0 cached) | GC: 0.0ms)


  
ActionView::Template::Error (uninitialized constant #<Class:0x000000012941e928>::ExampleComponent):

Causes:
NameError (uninitialized constant #<Class:0x000000012941e928>::ExampleComponent)
    1: <div class="container-flouid">
    2:     <%= render(ExampleComponent.new(title: "my title")) do %>
    3:         Hello, World!
    4:     <% end %>
    5: </div>
  
app/views/home/index.html.erb:2
Started GET "/" for ::1 at 2024-10-15 19:20:41 -0400
Processing by HomeController#index as HTML
  Rendering layout layouts/application.html.erb
  Rendering home/index.html.erb within layouts/application
  Rendered home/index.html.erb within layouts/application (Duration: 6.0ms | GC: 0.0ms)
  Rendered layout layouts/application.html.erb (Duration: 6.2ms | GC: 0.0ms)
Completed 500 Internal Server Error in 7ms (ActiveRecord: 0.0ms (0 queries, 0 cached) | GC: 0.0ms)


  
ActionView::Template::Error (uninitialized constant #<Class:0x000000012941e928>::ExampleComponent):

Causes:
NameError (uninitialized constant #<Class:0x000000012941e928>::ExampleComponent)
    1: <div class="container-flouid">
    2:     <%= render(ExampleComponent.new(title: "my title")) do %>
    3:         Hello, World!
    4:     <% end %>
    5: </div>
  
app/views/home/index.html.erb:2
Started GET "/" for ::1 at 2024-10-15 19:20:42 -0400
Processing by HomeController#index as HTML
  Rendering layout layouts/application.html.erb
  Rendering home/index.html.erb within layouts/application
  Rendered home/index.html.erb within layouts/application (Duration: 0.2ms | GC: 0.0ms)
  Rendered layout layouts/application.html.erb (Duration: 0.3ms | GC: 0.0ms)
Completed 500 Internal Server Error in 1ms (ActiveRecord: 0.0ms (0 queries, 0 cached) | GC: 0.0ms)


  
ActionView::Template::Error (uninitialized constant #<Class:0x000000012941e928>::ExampleComponent):

Causes:
NameError (uninitialized constant #<Class:0x000000012941e928>::ExampleComponent)
    1: <div class="container-flouid">
    2:     <%= render(ExampleComponent.new(title: "my title")) do %>
    3:         Hello, World!
    4:     <% end %>
    5: </div>
  
app/views/home/index.html.erb:2
Started GET "/" for ::1 at 2024-10-15 19:30:51 -0400
Processing by HomeController#index as HTML
  Rendering layout layouts/application.html.erb
  Rendering home/index.html.erb within layouts/application
  Rendered home/index.html.erb within layouts/application (Duration: 0.5ms | GC: 0.0ms)
  Rendered layout layouts/application.html.erb (Duration: 0.6ms | GC: 0.0ms)
Completed 500 Internal Server Error in 2ms (ActiveRecord: 0.0ms (0 queries, 0 cached) | GC: 0.0ms)


  
ActionView::Template::Error (uninitialized constant #<Class:0x0000000129872f88>::NavigationComponent):

Causes:
NameError (uninitialized constant #<Class:0x0000000129872f88>::NavigationComponent)
    1: <div class="container-flouid">
    2:     <%= render(NavigationComponent.new(nav: @nav)) %>
    3: </div>
  
app/views/home/index.html.erb:2
Started GET "/" for ::1 at 2024-10-15 19:30:52 -0400
Processing by HomeController#index as HTML
  Rendering layout layouts/application.html.erb
  Rendering home/index.html.erb within layouts/application
  Rendered home/index.html.erb within layouts/application (Duration: 0.6ms | GC: 0.0ms)
  Rendered layout layouts/application.html.erb (Duration: 1.0ms | GC: 0.0ms)
Completed 500 Internal Server Error in 3ms (ActiveRecord: 0.0ms (0 queries, 0 cached) | GC: 0.0ms)


  
ActionView::Template::Error (uninitialized constant #<Class:0x0000000129872f88>::NavigationComponent):

Causes:
NameError (uninitialized constant #<Class:0x0000000129872f88>::NavigationComponent)
    1: <div class="container-flouid">
    2:     <%= render(NavigationComponent.new(nav: @nav)) %>
    3: </div>
  
app/views/home/index.html.erb:2
Started GET "/" for ::1 at 2024-10-15 19:30:53 -0400
Processing by HomeController#index as HTML
  Rendering layout layouts/application.html.erb
  Rendering home/index.html.erb within layouts/application
  Rendered home/index.html.erb within layouts/application (Duration: 0.3ms | GC: 0.0ms)
  Rendered layout layouts/application.html.erb (Duration: 0.4ms | GC: 0.0ms)
Completed 500 Internal Server Error in 1ms (ActiveRecord: 0.0ms (0 queries, 0 cached) | GC: 0.0ms)


  
ActionView::Template::Error (uninitialized constant #<Class:0x0000000129872f88>::NavigationComponent):

Causes:
NameError (uninitialized constant #<Class:0x0000000129872f88>::NavigationComponent)
    1: <div class="container-flouid">
    2:     <%= render(NavigationComponent.new(nav: @nav)) %>
    3: </div>
  
app/views/home/index.html.erb:2
Started GET "/" for ::1 at 2024-10-15 19:30:53 -0400
Processing by HomeController#index as HTML
  Rendering layout layouts/application.html.erb
  Rendering home/index.html.erb within layouts/application
  Rendered home/index.html.erb within layouts/application (Duration: 0.2ms | GC: 0.0ms)
  Rendered layout layouts/application.html.erb (Duration: 0.3ms | GC: 0.0ms)
Completed 500 Internal Server Error in 1ms (ActiveRecord: 0.0ms (0 queries, 0 cached) | GC: 0.0ms)


  
ActionView::Template::Error (uninitialized constant #<Class:0x0000000129872f88>::NavigationComponent):

Causes:
NameError (uninitialized constant #<Class:0x0000000129872f88>::NavigationComponent)
    1: <div class="container-flouid">
    2:     <%= render(NavigationComponent.new(nav: @nav)) %>
    3: </div>
  
app/views/home/index.html.erb:2
Started GET "/" for ::1 at 2024-10-15 19:30:53 -0400
Processing by HomeController#index as HTML
  Rendering layout layouts/application.html.erb
  Rendering home/index.html.erb within layouts/application
  Rendered home/index.html.erb within layouts/application (Duration: 0.3ms | GC: 0.1ms)
  Rendered layout layouts/application.html.erb (Duration: 0.5ms | GC: 0.1ms)
Completed 500 Internal Server Error in 1ms (ActiveRecord: 0.0ms (0 queries, 0 cached) | GC: 0.1ms)


  
ActionView::Template::Error (uninitialized constant #<Class:0x0000000129872f88>::NavigationComponent):

Causes:
NameError (uninitialized constant #<Class:0x0000000129872f88>::NavigationComponent)
    1: <div class="container-flouid">
    2:     <%= render(NavigationComponent.new(nav: @nav)) %>
    3: </div>
  
app/views/home/index.html.erb:2
Started GET "/" for ::1 at 2024-10-15 19:30:54 -0400
Processing by HomeController#index as HTML
  Rendering layout layouts/application.html.erb
  Rendering home/index.html.erb within layouts/application
  Rendered home/index.html.erb within layouts/application (Duration: 0.2ms | GC: 0.0ms)
  Rendered layout layouts/application.html.erb (Duration: 0.3ms | GC: 0.0ms)
Completed 500 Internal Server Error in 1ms (ActiveRecord: 0.0ms (0 queries, 0 cached) | GC: 0.1ms)


  
ActionView::Template::Error (uninitialized constant #<Class:0x0000000129872f88>::NavigationComponent):

Causes:
NameError (uninitialized constant #<Class:0x0000000129872f88>::NavigationComponent)
    1: <div class="container-flouid">
    2:     <%= render(NavigationComponent.new(nav: @nav)) %>
    3: </div>
  
app/views/home/index.html.erb:2
Started GET "/" for ::1 at 2024-10-15 19:33:49 -0400
  [1m[36mActiveRecord::SchemaMigration Load (0.2ms)[0m  [1m[34mSELECT "schema_migrations"."version" FROM "schema_migrations" ORDER BY "schema_migrations"."version" ASC[0m
Processing by HomeController#index as HTML
  Rendering layout layouts/application.html.erb
  Rendering home/index.html.erb within layouts/application
  Rendered home/index.html.erb within layouts/application (Duration: 1.4ms | GC: 0.0ms)
  Rendered layout layouts/application.html.erb (Duration: 1.5ms | GC: 0.0ms)
Completed 500 Internal Server Error in 12ms (ActiveRecord: 0.0ms (0 queries, 0 cached) | GC: 0.0ms)


  
ActionView::Template::Error (missing keyword: :nav):

Causes:
ArgumentError (missing keyword: :nav)
    1: <div class="container-flouid">
    2:     <%= render(NavigationComponent.new()) %>
    3: </div>
  
app/components/navigation_component.rb:4:in `initialize'
app/views/home/index.html.erb:2:in `new'
app/views/home/index.html.erb:2
Started GET "/" for ::1 at 2024-10-15 19:34:09 -0400
Processing by HomeController#index as HTML
  Rendering layout layouts/application.html.erb
  Rendering home/index.html.erb within layouts/application
  Rendered home/index.html.erb within layouts/application (Duration: 1.2ms | GC: 0.0ms)
Started GET "/" for ::1 at 2024-10-15 19:34:11 -0400
  Rendered layout layouts/application.html.erb (Duration: 2370.9ms | GC: 42.2ms)
Completed 200 OK in 2373ms (Views: 2371.9ms | ActiveRecord: 0.0ms (0 queries, 0 cached) | GC: 42.2ms)


Started GET "/" for ::1 at 2024-10-15 19:34:11 -0400
Processing by HomeController#index as HTML
  Rendering layout layouts/application.html.erb
  Rendering home/index.html.erb within layouts/application
  Rendered home/index.html.erb within layouts/application (Duration: 0.9ms | GC: 0.2ms)
Processing by HomeController#index as HTML
  Rendering layout layouts/application.html.erb
  Rendering home/index.html.erb within layouts/application
  Rendered home/index.html.erb within layouts/application (Duration: 0.1ms | GC: 0.0ms)
  Rendered layout layouts/application.html.erb (Duration: 14.3ms | GC: 2.0ms)
Completed 200 OK in 16ms (Views: 15.0ms | ActiveRecord: 0.0ms (0 queries, 0 cached) | GC: 2.7ms)


  Rendered layout layouts/application.html.erb (Duration: 10.3ms | GC: 0.9ms)
Completed 200 OK in 11ms (Views: 10.4ms | ActiveRecord: 0.0ms (0 queries, 0 cached) | GC: 0.9ms)


Started GET "/" for ::1 at 2024-10-15 19:34:12 -0400
Processing by HomeController#index as HTML
  Rendering layout layouts/application.html.erb
  Rendering home/index.html.erb within layouts/application
  Rendered home/index.html.erb within layouts/application (Duration: 0.3ms | GC: 0.0ms)
  Rendered layout layouts/application.html.erb (Duration: 5.6ms | GC: 0.0ms)
Completed 200 OK in 6ms (Views: 5.8ms | ActiveRecord: 0.0ms (0 queries, 0 cached) | GC: 0.0ms)


Started GET "/" for ::1 at 2024-10-15 19:34:12 -0400
Processing by HomeController#index as HTML
  Rendering layout layouts/application.html.erb
  Rendering home/index.html.erb within layouts/application
  Rendered home/index.html.erb within layouts/application (Duration: 0.6ms | GC: 0.0ms)
  Rendered layout layouts/application.html.erb (Duration: 8.0ms | GC: 0.0ms)
Completed 200 OK in 9ms (Views: 8.5ms | ActiveRecord: 0.0ms (0 queries, 0 cached) | GC: 0.0ms)


Started GET "/manifest.json" for ::1 at 2024-10-15 19:34:12 -0400
Processing by Rails::PwaController#manifest as JSON
  Rendering pwa/manifest.json.erb
  Rendered pwa/manifest.json.erb (Duration: 0.3ms | GC: 0.0ms)
Completed 200 OK in 2ms (Views: 1.6ms | ActiveRecord: 0.0ms (0 queries, 0 cached) | GC: 0.0ms)


Started GET "/" for ::1 at 2024-10-15 19:34:13 -0400
Processing by HomeController#index as HTML
  Rendering layout layouts/application.html.erb
  Rendering home/index.html.erb within layouts/application
  Rendered home/index.html.erb within layouts/application (Duration: 1.0ms | GC: 0.0ms)
  Rendered layout layouts/application.html.erb (Duration: 8.0ms | GC: 0.0ms)
Completed 200 OK in 10ms (Views: 8.7ms | ActiveRecord: 0.0ms (0 queries, 0 cached) | GC: 0.0ms)


Started GET "/manifest.json" for ::1 at 2024-10-15 19:34:13 -0400
Processing by Rails::PwaController#manifest as JSON
  Rendering pwa/manifest.json.erb
  Rendered pwa/manifest.json.erb (Duration: 0.1ms | GC: 0.0ms)
Completed 200 OK in 1ms (Views: 0.4ms | ActiveRecord: 0.0ms (0 queries, 0 cached) | GC: 0.0ms)


Started GET "/" for ::1 at 2024-10-15 19:34:14 -0400
Processing by HomeController#index as HTML
  Rendering layout layouts/application.html.erb
  Rendering home/index.html.erb within layouts/application
  Rendered home/index.html.erb within layouts/application (Duration: 1.2ms | GC: 0.0ms)
  Rendered layout layouts/application.html.erb (Duration: 9.6ms | GC: 1.1ms)
Completed 200 OK in 11ms (Views: 10.2ms | ActiveRecord: 0.0ms (0 queries, 0 cached) | GC: 1.1ms)


Started GET "/manifest.json" for ::1 at 2024-10-15 19:34:14 -0400
Processing by Rails::PwaController#manifest as JSON
  Rendering pwa/manifest.json.erb
  Rendered pwa/manifest.json.erb (Duration: 0.1ms | GC: 0.0ms)
Completed 200 OK in 1ms (Views: 0.5ms | ActiveRecord: 0.0ms (0 queries, 0 cached) | GC: 0.0ms)


Started GET "/" for ::1 at 2024-10-15 19:41:58 -0400
Processing by HomeController#index as HTML
  Rendering layout layouts/application.html.erb
  Rendering home/index.html.erb within layouts/application
  Rendered home/index.html.erb within layouts/application (Duration: 1.4ms | GC: 0.0ms)
  Rendered layout layouts/application.html.erb (Duration: 18.4ms | GC: 5.7ms)
Completed 200 OK in 20ms (Views: 19.3ms | ActiveRecord: 0.0ms (0 queries, 0 cached) | GC: 5.7ms)


Started GET "/manifest.json" for ::1 at 2024-10-15 19:41:58 -0400
Processing by Rails::PwaController#manifest as JSON
  Rendering pwa/manifest.json.erb
  Rendered pwa/manifest.json.erb (Duration: 0.2ms | GC: 0.0ms)
Completed 200 OK in 2ms (Views: 1.3ms | ActiveRecord: 0.0ms (0 queries, 0 cached) | GC: 0.0ms)


Started GET "/" for ::1 at 2024-10-15 19:41:59 -0400
Processing by HomeController#index as HTML
  Rendering layout layouts/application.html.erb
  Rendering home/index.html.erb within layouts/application
  Rendered home/index.html.erb within layouts/application (Duration: 1.1ms | GC: 0.0ms)
  Rendered layout layouts/application.html.erb (Duration: 12.2ms | GC: 0.3ms)
Completed 200 OK in 15ms (Views: 12.9ms | ActiveRecord: 0.0ms (0 queries, 0 cached) | GC: 0.8ms)


Started GET "/manifest.json" for ::1 at 2024-10-15 19:41:59 -0400
Processing by Rails::PwaController#manifest as JSON
  Rendering pwa/manifest.json.erb
  Rendered pwa/manifest.json.erb (Duration: 0.1ms | GC: 0.0ms)
Completed 200 OK in 1ms (Views: 0.4ms | ActiveRecord: 0.0ms (0 queries, 0 cached) | GC: 0.0ms)


Started GET "/" for ::1 at 2024-10-15 19:42:00 -0400
Processing by HomeController#index as HTML
  Rendering layout layouts/application.html.erb
  Rendering home/index.html.erb within layouts/application
  Rendered home/index.html.erb within layouts/application (Duration: 0.9ms | GC: 0.0ms)
  Rendered layout layouts/application.html.erb (Duration: 8.0ms | GC: 0.3ms)
Completed 200 OK in 9ms (Views: 8.6ms | ActiveRecord: 0.0ms (0 queries, 0 cached) | GC: 0.3ms)


Started GET "/manifest.json" for ::1 at 2024-10-15 19:42:00 -0400
Processing by Rails::PwaController#manifest as JSON
  Rendering pwa/manifest.json.erb
  Rendered pwa/manifest.json.erb (Duration: 0.1ms | GC: 0.0ms)
Completed 200 OK in 1ms (Views: 0.6ms | ActiveRecord: 0.0ms (0 queries, 0 cached) | GC: 0.0ms)


Started GET "/" for ::1 at 2024-10-15 19:42:00 -0400
Processing by HomeController#index as HTML
  Rendering layout layouts/application.html.erb
  Rendering home/index.html.erb within layouts/application
  Rendered home/index.html.erb within layouts/application (Duration: 0.7ms | GC: 0.0ms)
  Rendered layout layouts/application.html.erb (Duration: 6.9ms | GC: 0.2ms)
Completed 200 OK in 8ms (Views: 7.3ms | ActiveRecord: 0.0ms (0 queries, 0 cached) | GC: 0.2ms)


Started GET "/manifest.json" for ::1 at 2024-10-15 19:42:01 -0400
Processing by Rails::PwaController#manifest as JSON
  Rendering pwa/manifest.json.erb
  Rendered pwa/manifest.json.erb (Duration: 0.1ms | GC: 0.0ms)
Completed 200 OK in 1ms (Views: 0.4ms | ActiveRecord: 0.0ms (0 queries, 0 cached) | GC: 0.0ms)


Started GET "/" for ::1 at 2024-10-15 19:42:01 -0400
Processing by HomeController#index as HTML
  Rendering layout layouts/application.html.erb
  Rendering home/index.html.erb within layouts/application
  Rendered home/index.html.erb within layouts/application (Duration: 0.9ms | GC: 0.0ms)
  Rendered layout layouts/application.html.erb (Duration: 7.4ms | GC: 0.1ms)
Completed 200 OK in 9ms (Views: 8.1ms | ActiveRecord: 0.0ms (0 queries, 0 cached) | GC: 0.1ms)


Started GET "/manifest.json" for ::1 at 2024-10-15 19:42:01 -0400
Processing by Rails::PwaController#manifest as JSON
  Rendering pwa/manifest.json.erb
  Rendered pwa/manifest.json.erb (Duration: 0.2ms | GC: 0.0ms)
Completed 200 OK in 1ms (Views: 0.4ms | ActiveRecord: 0.0ms (0 queries, 0 cached) | GC: 0.0ms)


Started GET "/" for ::1 at 2024-10-15 19:43:31 -0400
Processing by HomeController#index as HTML
  Rendering layout layouts/application.html.erb
  Rendering home/index.html.erb within layouts/application
  Rendered home/index.html.erb within layouts/application (Duration: 2.0ms | GC: 0.0ms)
  Rendered layout layouts/application.html.erb (Duration: 32.1ms | GC: 2.1ms)
Completed 200 OK in 35ms (Views: 32.9ms | ActiveRecord: 0.0ms (0 queries, 0 cached) | GC: 2.1ms)


Started GET "/manifest.json" for ::1 at 2024-10-15 19:43:31 -0400
Processing by Rails::PwaController#manifest as JSON
  Rendering pwa/manifest.json.erb
  Rendered pwa/manifest.json.erb (Duration: 0.2ms | GC: 0.0ms)
Completed 200 OK in 1ms (Views: 0.5ms | ActiveRecord: 0.0ms (0 queries, 0 cached) | GC: 0.0ms)


Started GET "/" for ::1 at 2024-10-15 19:43:32 -0400
Processing by HomeController#index as HTML
  Rendering layout layouts/application.html.erb
  Rendering home/index.html.erb within layouts/application
  Rendered home/index.html.erb within layouts/application (Duration: 1.5ms | GC: 0.0ms)
  Rendered layout layouts/application.html.erb (Duration: 17.2ms | GC: 9.2ms)
Completed 200 OK in 19ms (Views: 17.7ms | ActiveRecord: 0.0ms (0 queries, 0 cached) | GC: 9.2ms)


Started GET "/manifest.json" for ::1 at 2024-10-15 19:43:32 -0400
Processing by Rails::PwaController#manifest as JSON
  Rendering pwa/manifest.json.erb
  Rendered pwa/manifest.json.erb (Duration: 0.1ms | GC: 0.0ms)
Completed 200 OK in 1ms (Views: 0.4ms | ActiveRecord: 0.0ms (0 queries, 0 cached) | GC: 0.0ms)


Started GET "/manifest.json" for ::1 at 2024-10-15 19:43:46 -0400
Processing by Rails::PwaController#manifest as JSON
  Rendering pwa/manifest.json.erb
  Rendered pwa/manifest.json.erb (Duration: 0.1ms | GC: 0.0ms)
Completed 200 OK in 1ms (Views: 0.4ms | ActiveRecord: 0.0ms (0 queries, 0 cached) | GC: 0.0ms)


Started GET "/" for ::1 at 2024-10-15 19:46:25 -0400
Processing by HomeController#index as HTML
  Rendering layout layouts/application.html.erb
  Rendering home/index.html.erb within layouts/application
  Rendered home/index.html.erb within layouts/application (Duration: 1.7ms | GC: 0.2ms)
  Rendered layout layouts/application.html.erb (Duration: 13.6ms | GC: 0.3ms)
Completed 200 OK in 16ms (Views: 14.6ms | ActiveRecord: 0.0ms (0 queries, 0 cached) | GC: 0.5ms)


Started GET "/manifest.json" for ::1 at 2024-10-15 19:46:26 -0400
Processing by Rails::PwaController#manifest as JSON
  Rendering pwa/manifest.json.erb
  Rendered pwa/manifest.json.erb (Duration: 0.5ms | GC: 0.0ms)
Completed 200 OK in 3ms (Views: 2.1ms | ActiveRecord: 0.0ms (0 queries, 0 cached) | GC: 0.0ms)


Started GET "/" for ::1 at 2024-10-15 19:46:26 -0400
Processing by HomeController#index as HTML
  Rendering layout layouts/application.html.erb
  Rendering home/index.html.erb within layouts/application
  Rendered home/index.html.erb within layouts/application (Duration: 0.9ms | GC: 0.0ms)
  Rendered layout layouts/application.html.erb (Duration: 12.9ms | GC: 5.0ms)
Completed 200 OK in 14ms (Views: 13.3ms | ActiveRecord: 0.0ms (0 queries, 0 cached) | GC: 5.0ms)


Started GET "/manifest.json" for ::1 at 2024-10-15 19:46:26 -0400
Processing by Rails::PwaController#manifest as JSON
  Rendering pwa/manifest.json.erb
  Rendered pwa/manifest.json.erb (Duration: 0.1ms | GC: 0.0ms)
Completed 200 OK in 1ms (Views: 0.3ms | ActiveRecord: 0.0ms (0 queries, 0 cached) | GC: 0.0ms)


Started GET "/" for ::1 at 2024-10-15 19:47:30 -0400
Processing by HomeController#index as HTML
  Rendering layout layouts/application.html.erb
  Rendering home/index.html.erb within layouts/application
  Rendered home/index.html.erb within layouts/application (Duration: 1.3ms | GC: 0.0ms)
  Rendered layout layouts/application.html.erb (Duration: 12.9ms | GC: 0.3ms)
Completed 200 OK in 14ms (Views: 13.7ms | ActiveRecord: 0.0ms (0 queries, 0 cached) | GC: 0.3ms)


Started GET "/manifest.json" for ::1 at 2024-10-15 19:47:30 -0400
Processing by Rails::PwaController#manifest as JSON
  Rendering pwa/manifest.json.erb
  Rendered pwa/manifest.json.erb (Duration: 0.4ms | GC: 0.0ms)
Completed 200 OK in 2ms (Views: 2.1ms | ActiveRecord: 0.0ms (0 queries, 0 cached) | GC: 0.0ms)


Started GET "/" for ::1 at 2024-10-15 19:47:31 -0400
Processing by HomeController#index as HTML
  Rendering layout layouts/application.html.erb
  Rendering home/index.html.erb within layouts/application
  Rendered home/index.html.erb within layouts/application (Duration: 1.2ms | GC: 0.0ms)
  Rendered layout layouts/application.html.erb (Duration: 14.7ms | GC: 6.0ms)
Completed 200 OK in 16ms (Views: 15.4ms | ActiveRecord: 0.0ms (0 queries, 0 cached) | GC: 6.0ms)


Started GET "/manifest.json" for ::1 at 2024-10-15 19:47:31 -0400
Processing by Rails::PwaController#manifest as JSON
  Rendering pwa/manifest.json.erb
  Rendered pwa/manifest.json.erb (Duration: 0.1ms | GC: 0.0ms)
Completed 200 OK in 1ms (Views: 0.9ms | ActiveRecord: 0.0ms (0 queries, 0 cached) | GC: 0.6ms)


Started GET "/" for ::1 at 2024-10-15 19:47:32 -0400
Processing by HomeController#index as HTML
  Rendering layout layouts/application.html.erb
  Rendering home/index.html.erb within layouts/application
  Rendered home/index.html.erb within layouts/application (Duration: 2.4ms | GC: 0.0ms)
  Rendered layout layouts/application.html.erb (Duration: 13.7ms | GC: 1.1ms)
Completed 200 OK in 16ms (Views: 14.4ms | ActiveRecord: 0.0ms (0 queries, 0 cached) | GC: 1.1ms)


Started GET "/manifest.json" for ::1 at 2024-10-15 19:47:32 -0400
Processing by Rails::PwaController#manifest as JSON
  Rendering pwa/manifest.json.erb
  Rendered pwa/manifest.json.erb (Duration: 0.1ms | GC: 0.0ms)
Completed 200 OK in 1ms (Views: 0.5ms | ActiveRecord: 0.0ms (0 queries, 0 cached) | GC: 0.0ms)


Started GET "/manifest.json" for ::1 at 2024-10-15 19:47:35 -0400
Processing by Rails::PwaController#manifest as JSON
  Rendering pwa/manifest.json.erb
  Rendered pwa/manifest.json.erb (Duration: 0.1ms | GC: 0.0ms)
Completed 200 OK in 1ms (Views: 0.4ms | ActiveRecord: 0.0ms (0 queries, 0 cached) | GC: 0.0ms)


Started GET "/" for ::1 at 2024-10-15 19:47:54 -0400
Processing by HomeController#index as HTML
  Rendering layout layouts/application.html.erb
  Rendering home/index.html.erb within layouts/application
  Rendered home/index.html.erb within layouts/application (Duration: 1.3ms | GC: 0.0ms)
  Rendered layout layouts/application.html.erb (Duration: 13.3ms | GC: 1.6ms)
Completed 200 OK in 15ms (Views: 14.3ms | ActiveRecord: 0.0ms (0 queries, 0 cached) | GC: 1.6ms)


Started GET "/manifest.json" for ::1 at 2024-10-15 19:47:55 -0400
Processing by Rails::PwaController#manifest as JSON
  Rendering pwa/manifest.json.erb
  Rendered pwa/manifest.json.erb (Duration: 0.3ms | GC: 0.0ms)
Completed 200 OK in 2ms (Views: 1.6ms | ActiveRecord: 0.0ms (0 queries, 0 cached) | GC: 0.0ms)


Started GET "/" for ::1 at 2024-10-15 19:48:18 -0400
Processing by HomeController#index as HTML
  Rendering layout layouts/application.html.erb
  Rendering home/index.html.erb within layouts/application
  Rendered home/index.html.erb within layouts/application (Duration: 1.9ms | GC: 0.3ms)
  Rendered layout layouts/application.html.erb (Duration: 13.7ms | GC: 0.5ms)
Completed 200 OK in 16ms (Views: 14.7ms | ActiveRecord: 0.0ms (0 queries, 0 cached) | GC: 0.5ms)


Started GET "/manifest.json" for ::1 at 2024-10-15 19:48:18 -0400
Processing by Rails::PwaController#manifest as JSON
  Rendering pwa/manifest.json.erb
  Rendered pwa/manifest.json.erb (Duration: 1.1ms | GC: 0.0ms)
Completed 200 OK in 4ms (Views: 3.5ms | ActiveRecord: 0.0ms (0 queries, 0 cached) | GC: 0.0ms)


Started GET "/" for ::1 at 2024-10-15 19:51:04 -0400
Processing by HomeController#index as HTML
  Rendering layout layouts/application.html.erb
  Rendering home/index.html.erb within layouts/application
  Rendered home/index.html.erb within layouts/application (Duration: 1.5ms | GC: 0.0ms)
  Rendered layout layouts/application.html.erb (Duration: 17.4ms | GC: 0.7ms)
Completed 200 OK in 20ms (Views: 18.5ms | ActiveRecord: 0.0ms (0 queries, 0 cached) | GC: 0.7ms)


Started GET "/manifest.json" for ::1 at 2024-10-15 19:51:04 -0400
Processing by Rails::PwaController#manifest as JSON
  Rendering pwa/manifest.json.erb
  Rendered pwa/manifest.json.erb (Duration: 0.3ms | GC: 0.0ms)
Completed 200 OK in 2ms (Views: 1.8ms | ActiveRecord: 0.0ms (0 queries, 0 cached) | GC: 0.0ms)


Started GET "/" for ::1 at 2024-10-15 19:51:49 -0400
Processing by HomeController#index as HTML
  Rendering layout layouts/application.html.erb
  Rendering home/index.html.erb within layouts/application
  Rendered home/index.html.erb within layouts/application (Duration: 1.1ms | GC: 0.0ms)
  Rendered layout layouts/application.html.erb (Duration: 12.0ms | GC: 0.2ms)
Completed 200 OK in 14ms (Views: 12.9ms | ActiveRecord: 0.0ms (0 queries, 0 cached) | GC: 0.2ms)


Started GET "/manifest.json" for ::1 at 2024-10-15 19:51:49 -0400
Processing by Rails::PwaController#manifest as JSON
  Rendering pwa/manifest.json.erb
  Rendered pwa/manifest.json.erb (Duration: 0.3ms | GC: 0.0ms)
Completed 200 OK in 2ms (Views: 1.7ms | ActiveRecord: 0.0ms (0 queries, 0 cached) | GC: 0.0ms)


